1708303907495|0|statement|connection 47|url jdbc:h2:mem:00448418-abca-4ba5-95f5-e4a018326caf|drop table if exists category cascade |drop table if exists category cascade 
1708303907495|0|statement|connection 47|url jdbc:h2:mem:00448418-abca-4ba5-95f5-e4a018326caf|drop table if exists jwt_token cascade |drop table if exists jwt_token cascade 
1708303907496|0|statement|connection 47|url jdbc:h2:mem:00448418-abca-4ba5-95f5-e4a018326caf|drop table if exists member cascade |drop table if exists member cascade 
1708303907496|0|statement|connection 47|url jdbc:h2:mem:00448418-abca-4ba5-95f5-e4a018326caf|drop table if exists product cascade |drop table if exists product cascade 
1708303907496|0|statement|connection 47|url jdbc:h2:mem:00448418-abca-4ba5-95f5-e4a018326caf|drop table if exists product_search cascade |drop table if exists product_search cascade 
1708303907497|0|statement|connection 48|url jdbc:h2:mem:5c2cabc1-b1d9-4ebe-82bf-5ecc61a2c721|drop table if exists category cascade |drop table if exists category cascade 
1708303907498|0|statement|connection 48|url jdbc:h2:mem:5c2cabc1-b1d9-4ebe-82bf-5ecc61a2c721|drop table if exists jwt_token cascade |drop table if exists jwt_token cascade 
1708303907498|0|statement|connection 48|url jdbc:h2:mem:5c2cabc1-b1d9-4ebe-82bf-5ecc61a2c721|drop table if exists member cascade |drop table if exists member cascade 
1708303907498|0|statement|connection 48|url jdbc:h2:mem:5c2cabc1-b1d9-4ebe-82bf-5ecc61a2c721|drop table if exists product cascade |drop table if exists product cascade 
1708303907498|0|statement|connection 48|url jdbc:h2:mem:5c2cabc1-b1d9-4ebe-82bf-5ecc61a2c721|drop table if exists product_search cascade |drop table if exists product_search cascade 
1708336708435|0|statement|connection 61|url jdbc:h2:mem:b2d57388-217e-4141-9c55-195af0fa7a82|drop table if exists category cascade |drop table if exists category cascade 
1708336708435|0|statement|connection 61|url jdbc:h2:mem:b2d57388-217e-4141-9c55-195af0fa7a82|drop table if exists jwt_token cascade |drop table if exists jwt_token cascade 
1708336708435|0|statement|connection 61|url jdbc:h2:mem:b2d57388-217e-4141-9c55-195af0fa7a82|drop table if exists member cascade |drop table if exists member cascade 
1708336708435|0|statement|connection 61|url jdbc:h2:mem:b2d57388-217e-4141-9c55-195af0fa7a82|drop table if exists product cascade |drop table if exists product cascade 
1708336708436|0|statement|connection 61|url jdbc:h2:mem:b2d57388-217e-4141-9c55-195af0fa7a82|drop table if exists product_search cascade |drop table if exists product_search cascade 
1708336708439|0|statement|connection 62|url jdbc:h2:mem:c777950f-4097-4af9-ae4e-2ccb7b8976bc|drop table if exists category cascade |drop table if exists category cascade 
1708336708439|0|statement|connection 62|url jdbc:h2:mem:c777950f-4097-4af9-ae4e-2ccb7b8976bc|drop table if exists jwt_token cascade |drop table if exists jwt_token cascade 
1708336708439|0|statement|connection 62|url jdbc:h2:mem:c777950f-4097-4af9-ae4e-2ccb7b8976bc|drop table if exists member cascade |drop table if exists member cascade 
1708336708439|0|statement|connection 62|url jdbc:h2:mem:c777950f-4097-4af9-ae4e-2ccb7b8976bc|drop table if exists product cascade |drop table if exists product cascade 
1708336708439|0|statement|connection 62|url jdbc:h2:mem:c777950f-4097-4af9-ae4e-2ccb7b8976bc|drop table if exists product_search cascade |drop table if exists product_search cascade 
1708336708441|0|statement|connection 63|url jdbc:h2:mem:c1b013dc-e260-4196-ac45-762339b32344|drop table if exists category cascade |drop table if exists category cascade 
1708336708441|0|statement|connection 63|url jdbc:h2:mem:c1b013dc-e260-4196-ac45-762339b32344|drop table if exists jwt_token cascade |drop table if exists jwt_token cascade 
1708336708441|0|statement|connection 63|url jdbc:h2:mem:c1b013dc-e260-4196-ac45-762339b32344|drop table if exists member cascade |drop table if exists member cascade 
1708336708441|0|statement|connection 63|url jdbc:h2:mem:c1b013dc-e260-4196-ac45-762339b32344|drop table if exists product cascade |drop table if exists product cascade 
1708336708441|0|statement|connection 63|url jdbc:h2:mem:c1b013dc-e260-4196-ac45-762339b32344|drop table if exists product_search cascade |drop table if exists product_search cascade 
1708336708443|0|statement|connection 64|url jdbc:h2:mem:cb095fff-d4e3-458d-aca5-487a836b1eb7|drop table if exists category cascade |drop table if exists category cascade 
1708336708443|0|statement|connection 64|url jdbc:h2:mem:cb095fff-d4e3-458d-aca5-487a836b1eb7|drop table if exists jwt_token cascade |drop table if exists jwt_token cascade 
1708336708443|0|statement|connection 64|url jdbc:h2:mem:cb095fff-d4e3-458d-aca5-487a836b1eb7|drop table if exists member cascade |drop table if exists member cascade 
1708336708443|0|statement|connection 64|url jdbc:h2:mem:cb095fff-d4e3-458d-aca5-487a836b1eb7|drop table if exists product cascade |drop table if exists product cascade 
1708336708443|0|statement|connection 64|url jdbc:h2:mem:cb095fff-d4e3-458d-aca5-487a836b1eb7|drop table if exists product_search cascade |drop table if exists product_search cascade 
1708344926240|0|statement|connection 61|url jdbc:h2:mem:db5d77a6-6a1b-4452-8826-fb60e2c5c153|drop table if exists category cascade |drop table if exists category cascade 
1708344926241|0|statement|connection 61|url jdbc:h2:mem:db5d77a6-6a1b-4452-8826-fb60e2c5c153|drop table if exists jwt_token cascade |drop table if exists jwt_token cascade 
1708344926241|0|statement|connection 61|url jdbc:h2:mem:db5d77a6-6a1b-4452-8826-fb60e2c5c153|drop table if exists member cascade |drop table if exists member cascade 
1708344926241|0|statement|connection 61|url jdbc:h2:mem:db5d77a6-6a1b-4452-8826-fb60e2c5c153|drop table if exists product cascade |drop table if exists product cascade 
1708344926241|0|statement|connection 61|url jdbc:h2:mem:db5d77a6-6a1b-4452-8826-fb60e2c5c153|drop table if exists product_search cascade |drop table if exists product_search cascade 
1708344926243|0|statement|connection 62|url jdbc:h2:mem:9c5daa85-37da-4b42-82d9-e1f59600a5bc|drop table if exists category cascade |drop table if exists category cascade 
1708344926243|0|statement|connection 62|url jdbc:h2:mem:9c5daa85-37da-4b42-82d9-e1f59600a5bc|drop table if exists jwt_token cascade |drop table if exists jwt_token cascade 
1708344926243|0|statement|connection 62|url jdbc:h2:mem:9c5daa85-37da-4b42-82d9-e1f59600a5bc|drop table if exists member cascade |drop table if exists member cascade 
1708344926243|0|statement|connection 62|url jdbc:h2:mem:9c5daa85-37da-4b42-82d9-e1f59600a5bc|drop table if exists product cascade |drop table if exists product cascade 
1708344926243|0|statement|connection 62|url jdbc:h2:mem:9c5daa85-37da-4b42-82d9-e1f59600a5bc|drop table if exists product_search cascade |drop table if exists product_search cascade 
1708344926244|0|statement|connection 63|url jdbc:h2:mem:d0b93d4c-4ed8-4392-9213-a2616d8ba9c1|drop table if exists category cascade |drop table if exists category cascade 
1708344926244|0|statement|connection 63|url jdbc:h2:mem:d0b93d4c-4ed8-4392-9213-a2616d8ba9c1|drop table if exists jwt_token cascade |drop table if exists jwt_token cascade 
1708344926245|0|statement|connection 63|url jdbc:h2:mem:d0b93d4c-4ed8-4392-9213-a2616d8ba9c1|drop table if exists member cascade |drop table if exists member cascade 
1708344926245|0|statement|connection 63|url jdbc:h2:mem:d0b93d4c-4ed8-4392-9213-a2616d8ba9c1|drop table if exists product cascade |drop table if exists product cascade 
1708344926245|0|statement|connection 63|url jdbc:h2:mem:d0b93d4c-4ed8-4392-9213-a2616d8ba9c1|drop table if exists product_search cascade |drop table if exists product_search cascade 
1708344926246|0|statement|connection 64|url jdbc:h2:mem:9d6dac8c-62f3-46cf-b6bc-247668cbb9e9|drop table if exists category cascade |drop table if exists category cascade 
1708344926246|0|statement|connection 64|url jdbc:h2:mem:9d6dac8c-62f3-46cf-b6bc-247668cbb9e9|drop table if exists jwt_token cascade |drop table if exists jwt_token cascade 
1708344926246|0|statement|connection 64|url jdbc:h2:mem:9d6dac8c-62f3-46cf-b6bc-247668cbb9e9|drop table if exists member cascade |drop table if exists member cascade 
1708344926247|0|statement|connection 64|url jdbc:h2:mem:9d6dac8c-62f3-46cf-b6bc-247668cbb9e9|drop table if exists product cascade |drop table if exists product cascade 
1708344926247|0|statement|connection 64|url jdbc:h2:mem:9d6dac8c-62f3-46cf-b6bc-247668cbb9e9|drop table if exists product_search cascade |drop table if exists product_search cascade 
1708345102046|0|statement|connection 61|url jdbc:h2:mem:ca85f3f4-d0e3-4b40-a759-cf9d9d940f90|drop table if exists category cascade |drop table if exists category cascade 
1708345102047|0|statement|connection 61|url jdbc:h2:mem:ca85f3f4-d0e3-4b40-a759-cf9d9d940f90|drop table if exists jwt_token cascade |drop table if exists jwt_token cascade 
1708345102047|0|statement|connection 61|url jdbc:h2:mem:ca85f3f4-d0e3-4b40-a759-cf9d9d940f90|drop table if exists member cascade |drop table if exists member cascade 
1708345102047|0|statement|connection 61|url jdbc:h2:mem:ca85f3f4-d0e3-4b40-a759-cf9d9d940f90|drop table if exists product cascade |drop table if exists product cascade 
1708345102047|0|statement|connection 61|url jdbc:h2:mem:ca85f3f4-d0e3-4b40-a759-cf9d9d940f90|drop table if exists product_search cascade |drop table if exists product_search cascade 
1708345102049|0|statement|connection 62|url jdbc:h2:mem:624d19df-9054-4602-a521-e77f5c6e430f|drop table if exists category cascade |drop table if exists category cascade 
1708345102049|0|statement|connection 62|url jdbc:h2:mem:624d19df-9054-4602-a521-e77f5c6e430f|drop table if exists jwt_token cascade |drop table if exists jwt_token cascade 
1708345102049|0|statement|connection 62|url jdbc:h2:mem:624d19df-9054-4602-a521-e77f5c6e430f|drop table if exists member cascade |drop table if exists member cascade 
1708345102049|0|statement|connection 62|url jdbc:h2:mem:624d19df-9054-4602-a521-e77f5c6e430f|drop table if exists product cascade |drop table if exists product cascade 
1708345102049|0|statement|connection 62|url jdbc:h2:mem:624d19df-9054-4602-a521-e77f5c6e430f|drop table if exists product_search cascade |drop table if exists product_search cascade 
1708345102050|0|statement|connection 63|url jdbc:h2:mem:53e41bc3-af9a-4161-a050-ec610c4e1ab4|drop table if exists category cascade |drop table if exists category cascade 
1708345102050|0|statement|connection 63|url jdbc:h2:mem:53e41bc3-af9a-4161-a050-ec610c4e1ab4|drop table if exists jwt_token cascade |drop table if exists jwt_token cascade 
1708345102050|0|statement|connection 63|url jdbc:h2:mem:53e41bc3-af9a-4161-a050-ec610c4e1ab4|drop table if exists member cascade |drop table if exists member cascade 
1708345102051|0|statement|connection 63|url jdbc:h2:mem:53e41bc3-af9a-4161-a050-ec610c4e1ab4|drop table if exists product cascade |drop table if exists product cascade 
1708345102051|0|statement|connection 63|url jdbc:h2:mem:53e41bc3-af9a-4161-a050-ec610c4e1ab4|drop table if exists product_search cascade |drop table if exists product_search cascade 
1708345102052|0|statement|connection 64|url jdbc:h2:mem:5e3c6dfd-061b-4759-8a12-2eeeeb3ed7e3|drop table if exists category cascade |drop table if exists category cascade 
1708345102052|0|statement|connection 64|url jdbc:h2:mem:5e3c6dfd-061b-4759-8a12-2eeeeb3ed7e3|drop table if exists jwt_token cascade |drop table if exists jwt_token cascade 
1708345102052|0|statement|connection 64|url jdbc:h2:mem:5e3c6dfd-061b-4759-8a12-2eeeeb3ed7e3|drop table if exists member cascade |drop table if exists member cascade 
1708345102052|0|statement|connection 64|url jdbc:h2:mem:5e3c6dfd-061b-4759-8a12-2eeeeb3ed7e3|drop table if exists product cascade |drop table if exists product cascade 
1708345102052|0|statement|connection 64|url jdbc:h2:mem:5e3c6dfd-061b-4759-8a12-2eeeeb3ed7e3|drop table if exists product_search cascade |drop table if exists product_search cascade 
